Using pre-set license
Built from '2020.3/staging' branch; Version is '2020.3.16f1 (049d6eca3c44) revision 302446'; Using compiler version '192528614'; Build Type 'Release'
OS: 'Windows 10 Home; OS build 19042.1348; Version 2009; 64bit' Language: 'en' Physical Memory: 16249 MB
BatchMode: 1, IsHumanControllingUs: 0, StartBugReporterOnCrash: 0, Is64bit: 1, IsPro: 0

 COMMAND LINE ARGUMENTS:
C:\Program Files\Unity Installations\2020.3.16f1\Editor\Unity.exe
-adb2
-batchMode
-noUpm
-name
AssetImportWorker0
-projectPath
C:/Users/19728/Unity Projects/ATCM4368-P03
-logFile
Logs/AssetImportWorker0.log
-srvPort
63918
Successfully changed project path to: C:/Users/19728/Unity Projects/ATCM4368-P03
C:/Users/19728/Unity Projects/ATCM4368-P03
Using Asset Import Pipeline V2.
Refreshing native plugins compatible for Editor in 43.30 ms, found 2 plugins.
Preloading 0 native plugins for Editor in 0.00 ms.
Initialize engine version: 2020.3.16f1 (049d6eca3c44)
[Subsystems] Discovering subsystems at path C:/Program Files/Unity Installations/2020.3.16f1/Editor/Data/Resources/UnitySubsystems
[Subsystems] Discovering subsystems at path C:/Users/19728/Unity Projects/ATCM4368-P03/Assets
GfxDevice: creating device client; threaded=0
Direct3D:
    Version:  Direct3D 11.0 [level 11.1]
    Renderer: NVIDIA GeForce GTX 1060 with Max-Q Design (ID=0x1c20)
    Vendor:   
    VRAM:     6052 MB
    Driver:   27.21.14.5206
Initialize mono
Mono path[0] = 'C:/Program Files/Unity Installations/2020.3.16f1/Editor/Data/Managed'
Mono path[1] = 'C:/Program Files/Unity Installations/2020.3.16f1/Editor/Data/MonoBleedingEdge/lib/mono/unityjit'
Mono config path = 'C:/Program Files/Unity Installations/2020.3.16f1/Editor/Data/MonoBleedingEdge/etc'
Using monoOptions --debugger-agent=transport=dt_socket,embedding=1,server=y,suspend=n,address=127.0.0.1:56116
Begin MonoManager ReloadAssembly
Registering precompiled unity dll's ...
Register platform support module: C:/Program Files/Unity Installations/2020.3.16f1/Editor/Data/PlaybackEngines/WindowsStandaloneSupport/UnityEditor.WindowsStandalone.Extensions.dll
Registered in 0.002704 seconds.
Native extension for WindowsStandalone target not found
Refreshing native plugins compatible for Editor in 31.07 ms, found 2 plugins.
Preloading 0 native plugins for Editor in 0.00 ms.
Mono: successfully reloaded assembly
- Completed reload, in  1.341 seconds
Domain Reload Profiling:
	ReloadAssembly (1342ms)
		BeginReloadAssembly (64ms)
			ExecutionOrderSort (0ms)
			DisableScriptedObjects (0ms)
			BackupInstance (0ms)
			ReleaseScriptingObjects (0ms)
			CreateAndSetChildDomain (1ms)
		EndReloadAssembly (482ms)
			LoadAssemblies (62ms)
			RebuildTransferFunctionScriptingTraits (0ms)
			SetupTypeCache (188ms)
			ReleaseScriptCaches (0ms)
			RebuildScriptCaches (37ms)
			SetupLoadedEditorAssemblies (177ms)
				LogAssemblyErrors (0ms)
				InitializePlatformSupportModulesInManaged (4ms)
				SetLoadedEditorAssemblies (0ms)
				RefreshPlugins (31ms)
				BeforeProcessingInitializeOnLoad (19ms)
				ProcessInitializeOnLoadAttributes (90ms)
				ProcessInitializeOnLoadMethodAttributes (33ms)
				AfterProcessingInitializeOnLoad (0ms)
				EditorAssembliesLoaded (0ms)
			ExecutionOrderSort2 (0ms)
			AwakeInstancesAfterBackupRestoration (0ms)
Platform modules already initialized, skipping
Registering precompiled user dll's ...
Registered in 0.005067 seconds.
Begin MonoManager ReloadAssembly
Native extension for WindowsStandalone target not found
Refreshing native plugins compatible for Editor in 0.75 ms, found 2 plugins.
Preloading 0 native plugins for Editor in 0.00 ms.
Mono: successfully reloaded assembly
- Completed reload, in  1.317 seconds
Domain Reload Profiling:
	ReloadAssembly (1318ms)
		BeginReloadAssembly (182ms)
			ExecutionOrderSort (0ms)
			DisableScriptedObjects (6ms)
			BackupInstance (0ms)
			ReleaseScriptingObjects (0ms)
			CreateAndSetChildDomain (21ms)
		EndReloadAssembly (1057ms)
			LoadAssemblies (108ms)
			RebuildTransferFunctionScriptingTraits (0ms)
			SetupTypeCache (331ms)
			ReleaseScriptCaches (0ms)
			RebuildScriptCaches (46ms)
			SetupLoadedEditorAssemblies (471ms)
				LogAssemblyErrors (0ms)
				InitializePlatformSupportModulesInManaged (5ms)
				SetLoadedEditorAssemblies (1ms)
				RefreshPlugins (1ms)
				BeforeProcessingInitializeOnLoad (92ms)
				ProcessInitializeOnLoadAttributes (358ms)
				ProcessInitializeOnLoadMethodAttributes (5ms)
				AfterProcessingInitializeOnLoad (8ms)
				EditorAssembliesLoaded (0ms)
			ExecutionOrderSort2 (0ms)
			AwakeInstancesAfterBackupRestoration (8ms)
Platform modules already initialized, skipping
========================================================================
Worker process is ready to serve import requests
Launched and connected shader compiler UnityShaderCompiler.exe after 0.09 seconds
Refreshing native plugins compatible for Editor in 0.33 ms, found 2 plugins.
Preloading 0 native plugins for Editor in 0.00 ms.
Unloading 1425 Unused Serialized files (Serialized files now loaded: 0)
System memory in use before: 67.4 MB.
System memory in use after: 67.5 MB.

Unloading 18 unused Assets to reduce memory usage. Loaded Objects now: 1859.
Total: 3.438400 ms (FindLiveObjects: 0.141400 ms CreateObjectMapping: 0.043100 ms MarkObjects: 3.118500 ms  DeleteObjects: 0.134100 ms)

AssetImportParameters requested are different than current active one (requested -> active):
  custom:framework-win-MediaFoundation: 216162199b28c13a410421893ffa2e32 -> 
  custom:video-decoder-ogg-theora: a1e56fd34408186e4bbccfd4996cb3dc -> 
  custom:container-muxer-webm: aa71ff27fc2769a1b78a27578f13a17b -> 
  custom:container-demuxer-webm: 4f35f7cbe854078d1ac9338744f61a02 -> 
  custom:container-demuxer-ogg: 62fdf1f143b41e24485cea50d1cbac27 -> 
  custom:video-encoder-webm-vp8: eb34c28f22e8b96e1ab97ce403110664 -> 
  custom:video-codec-MediaFoundation-h265: 746d11721c4dcdbdad8f713fa42b33f4 -> 
  custom:video-decoder-webm-vp8: 9c59270c3fd7afecdb556c50c9e8de78 -> 
  custom:audio-decoder-ogg-vorbis: bf7c407c2cedff20999df2af8eb42d56 -> 
  custom:audio-encoder-webm-vorbis: bf7c407c2cedff20999df2af8eb42d56 -> 
========================================================================
Received Import Request.
  path: Assets
  artifactKey: Guid(00000000000000001000000000000000) Importer(815301076,1909f56bfc062723c751e8b465ee728b)
Start importing Assets using Guid(00000000000000001000000000000000) Importer(815301076,1909f56bfc062723c751e8b465ee728b)  -> (artifact id: '42d402b061de3733987d63b9cc3b64de') in 0.011039 seconds 
  Import took 0.013520 seconds .

========================================================================
Received Import Request.
  Time since last request: 0.000378 seconds.
  path: Assets/TextMesh Pro
  artifactKey: Guid(f54d1bd14bd3ca042bd867b519fee8cc) Importer(815301076,1909f56bfc062723c751e8b465ee728b)
Start importing Assets/TextMesh Pro using Guid(f54d1bd14bd3ca042bd867b519fee8cc) Importer(815301076,1909f56bfc062723c751e8b465ee728b)  -> (artifact id: '16b4cbde9565bf190136f1148817e1ea') in 0.016084 seconds 
  Import took 0.021548 seconds .

========================================================================
Received Import Request.
  Time since last request: 27.648252 seconds.
  path: Assets/Sprites
  artifactKey: Guid(38ea7926e8992ce42b4f2ec34242b114) Importer(815301076,1909f56bfc062723c751e8b465ee728b)
Start importing Assets/Sprites using Guid(38ea7926e8992ce42b4f2ec34242b114) Importer(815301076,1909f56bfc062723c751e8b465ee728b)  -> (artifact id: '806191df47fe99e4fe4c61be0dce1542') in 0.023023 seconds 
  Import took 0.027773 seconds .

========================================================================
Received Import Request.
  Time since last request: 11.229352 seconds.
  path: Assets/Sprites/Backgrounds
  artifactKey: Guid(c36ec518d29705345bca0c25216eb746) Importer(815301076,1909f56bfc062723c751e8b465ee728b)
Start importing Assets/Sprites/Backgrounds using Guid(c36ec518d29705345bca0c25216eb746) Importer(815301076,1909f56bfc062723c751e8b465ee728b)  -> (artifact id: 'ed5186e6fe8107a9c9e539409458d65f') in 0.010706 seconds 
  Import took 0.014458 seconds .

========================================================================
Received Import Request.
  Time since last request: 0.075791 seconds.
  path: Assets/Sprites/Backgrounds/Level Background.png
  artifactKey: Guid(161f594c5e2e9e74393a2073ef48083b) Importer(815301076,1909f56bfc062723c751e8b465ee728b)
Start importing Assets/Sprites/Backgrounds/Level Background.png using Guid(161f594c5e2e9e74393a2073ef48083b) Importer(815301076,1909f56bfc062723c751e8b465ee728b)  -> (artifact id: 'bf2ddf6b636f7a502483c93f3c438bf0') in 0.126777 seconds 
  Import took 0.130315 seconds .

========================================================================
Received Import Request.
  Time since last request: 0.787929 seconds.
  path: Assets/Sprites/Backgrounds/Level Background.aseprite
  artifactKey: Guid(3aec8cbc7da6aa3479ee9f1fce1768d6) Importer(815301076,1909f56bfc062723c751e8b465ee728b)
Start importing Assets/Sprites/Backgrounds/Level Background.aseprite using Guid(3aec8cbc7da6aa3479ee9f1fce1768d6) Importer(815301076,1909f56bfc062723c751e8b465ee728b)  -> (artifact id: 'fb7e1caf019beff34c487ddbe5c7554c') in 0.007418 seconds 
  Import took 0.012835 seconds .

========================================================================
Received Import Request.
  Time since last request: 91.905802 seconds.
  path: Assets/Sprites/Backgrounds/Level Background.png
  artifactKey: Guid(161f594c5e2e9e74393a2073ef48083b) Importer(815301076,1909f56bfc062723c751e8b465ee728b)
Start importing Assets/Sprites/Backgrounds/Level Background.png using Guid(161f594c5e2e9e74393a2073ef48083b) Importer(815301076,1909f56bfc062723c751e8b465ee728b)  -> (artifact id: 'ef8d50e59acdcb7fca6de97de63347ea') in 0.064623 seconds 
  Import took 0.068558 seconds .

========================================================================
Received Import Request.
  Time since last request: 7.298061 seconds.
  path: Assets/Sprites/Character Art
  artifactKey: Guid(b96ada2366874e94fa8ec0848ca5eaeb) Importer(815301076,1909f56bfc062723c751e8b465ee728b)
Start importing Assets/Sprites/Character Art using Guid(b96ada2366874e94fa8ec0848ca5eaeb) Importer(815301076,1909f56bfc062723c751e8b465ee728b)  -> (artifact id: '85de55800d3daeaa4bc7b214cc45daf7') in 0.008698 seconds 
  Import took 0.012176 seconds .

========================================================================
Received Import Request.
  Time since last request: 0.134139 seconds.
  path: Assets/Sprites/Character Art/Player Arm 1.png
  artifactKey: Guid(e3787034fbf689246ae8c70538d0a5c4) Importer(815301076,1909f56bfc062723c751e8b465ee728b)
Start importing Assets/Sprites/Character Art/Player Arm 1.png using Guid(e3787034fbf689246ae8c70538d0a5c4) Importer(815301076,1909f56bfc062723c751e8b465ee728b)  -> (artifact id: '229fab1a22c584664cc66d95f7ec31de') in 0.013301 seconds 
  Import took 0.016178 seconds .

========================================================================
Received Import Request.
  Time since last request: 0.000329 seconds.
  path: Assets/Sprites/Character Art/Player Leg 1.png
  artifactKey: Guid(7b8252fe249bed24f8691b214e59f33d) Importer(815301076,1909f56bfc062723c751e8b465ee728b)
Start importing Assets/Sprites/Character Art/Player Leg 1.png using Guid(7b8252fe249bed24f8691b214e59f33d) Importer(815301076,1909f56bfc062723c751e8b465ee728b)  -> (artifact id: 'd9e4b31823a76564862c722d0acea826') in 0.018625 seconds 
  Import took 0.022091 seconds .

========================================================================
Received Import Request.
  Time since last request: 0.000458 seconds.
  path: Assets/Sprites/Character Art/Player Arm 2.png
  artifactKey: Guid(b05bd5fb82053364cbed2df1e158814a) Importer(815301076,1909f56bfc062723c751e8b465ee728b)
Start importing Assets/Sprites/Character Art/Player Arm 2.png using Guid(b05bd5fb82053364cbed2df1e158814a) Importer(815301076,1909f56bfc062723c751e8b465ee728b)  -> (artifact id: '002faa97d1ea632ca91623ddc30e5b89') in 0.021387 seconds 
  Import took 0.025024 seconds .

========================================================================
Received Import Request.
  Time since last request: 0.000336 seconds.
  path: Assets/Sprites/Character Art/Player Leg 2.png
  artifactKey: Guid(753a5b70c6f89f241b366adec8859645) Importer(815301076,1909f56bfc062723c751e8b465ee728b)
Start importing Assets/Sprites/Character Art/Player Leg 2.png using Guid(753a5b70c6f89f241b366adec8859645) Importer(815301076,1909f56bfc062723c751e8b465ee728b)  -> (artifact id: '872066a73710c655ece1574fada78ad7') in 0.017152 seconds 
  Import took 0.022468 seconds .

========================================================================
Received Import Request.
  Time since last request: 0.000481 seconds.
  path: Assets/Sprites/Character Art/Player Body.png
  artifactKey: Guid(b776b13e11521d1429abc14ded0c31c2) Importer(815301076,1909f56bfc062723c751e8b465ee728b)
Start importing Assets/Sprites/Character Art/Player Body.png using Guid(b776b13e11521d1429abc14ded0c31c2) Importer(815301076,1909f56bfc062723c751e8b465ee728b)  -> (artifact id: '8cab7a241c7f0a57394d57e798e71b25') in 0.016765 seconds 
  Import took 0.020652 seconds .

========================================================================
Received Import Request.
  Time since last request: 0.000584 seconds.
  path: Assets/Sprites/Character Art/Player Head.png
  artifactKey: Guid(159f658bf3b5f6f42b6e6d278a081f6b) Importer(815301076,1909f56bfc062723c751e8b465ee728b)
Start importing Assets/Sprites/Character Art/Player Head.png using Guid(159f658bf3b5f6f42b6e6d278a081f6b) Importer(815301076,1909f56bfc062723c751e8b465ee728b)  -> (artifact id: '5bd3aed9b684964084e67db77d9faa5b') in 0.016635 seconds 
  Import took 0.019822 seconds .

========================================================================
Received Import Request.
  Time since last request: 0.829654 seconds.
  path: Assets/Sprites/Character Art/Player Arm 1.aseprite
  artifactKey: Guid(a819088a598b51e4085a497b383f7844) Importer(815301076,1909f56bfc062723c751e8b465ee728b)
Start importing Assets/Sprites/Character Art/Player Arm 1.aseprite using Guid(a819088a598b51e4085a497b383f7844) Importer(815301076,1909f56bfc062723c751e8b465ee728b)  -> (artifact id: '1e39d7332385c2803546b21d52c08f9e') in 0.003732 seconds 
  Import took 0.008160 seconds .

========================================================================
Received Import Request.
  Time since last request: 0.001632 seconds.
  path: Assets/Sprites/Character Art/Player Arm 1.aseprite
  artifactKey: Guid(a819088a598b51e4085a497b383f7844) Importer(815301076,1909f56bfc062723c751e8b465ee728b)
Start importing Assets/Sprites/Character Art/Player Arm 1.aseprite using Guid(a819088a598b51e4085a497b383f7844) Importer(815301076,1909f56bfc062723c751e8b465ee728b)  -> (artifact id: '1e39d7332385c2803546b21d52c08f9e') in 0.003979 seconds 
  Import took 0.009114 seconds .

========================================================================
Received Import Request.
  Time since last request: 0.431917 seconds.
  path: Assets/Sprites/Character Art/Player Arm 2.aseprite
  artifactKey: Guid(da29617e44e8b2747b7e61ea093905fe) Importer(815301076,1909f56bfc062723c751e8b465ee728b)
Start importing Assets/Sprites/Character Art/Player Arm 2.aseprite using Guid(da29617e44e8b2747b7e61ea093905fe) Importer(815301076,1909f56bfc062723c751e8b465ee728b)  -> (artifact id: 'c07f8458e7ae60721bf4f4daf805774f') in 0.003399 seconds 
  Import took 0.007393 seconds .

========================================================================
Received Import Request.
  Time since last request: 1.540638 seconds.
  path: Assets/Sprites/Character Art/Player Leg 1.aseprite
  artifactKey: Guid(b0154b54ec01bc84eb72c2a4660089fd) Importer(815301076,1909f56bfc062723c751e8b465ee728b)
Start importing Assets/Sprites/Character Art/Player Leg 1.aseprite using Guid(b0154b54ec01bc84eb72c2a4660089fd) Importer(815301076,1909f56bfc062723c751e8b465ee728b)  -> (artifact id: 'b003a8eae61a24ac39661bf36a0dd0c1') in 0.004144 seconds 
  Import took 0.008170 seconds .

========================================================================
Received Import Request.
  Time since last request: 20.137863 seconds.
  path: Assets/Sprites/Player Art
  artifactKey: Guid(b96ada2366874e94fa8ec0848ca5eaeb) Importer(815301076,1909f56bfc062723c751e8b465ee728b)
Start importing Assets/Sprites/Player Art using Guid(b96ada2366874e94fa8ec0848ca5eaeb) Importer(815301076,1909f56bfc062723c751e8b465ee728b)  -> (artifact id: 'af424821f64f5fc255a8153d10de7154') in 0.010713 seconds 
  Import took 0.013668 seconds .

========================================================================
Received Import Request.
  Time since last request: 10.025486 seconds.
  path: Assets/Sprites/Player Art/Player Arm 1.png
  artifactKey: Guid(e3787034fbf689246ae8c70538d0a5c4) Importer(815301076,1909f56bfc062723c751e8b465ee728b)
Start importing Assets/Sprites/Player Art/Player Arm 1.png using Guid(e3787034fbf689246ae8c70538d0a5c4) Importer(815301076,1909f56bfc062723c751e8b465ee728b)  -> (artifact id: '76f9575a26a1ed6a7140afd5b350a418') in 0.016367 seconds 
  Import took 0.020098 seconds .

========================================================================
Received Import Request.
  Time since last request: 0.000364 seconds.
  path: Assets/Sprites/Player Art/Player Leg 1.png
  artifactKey: Guid(7b8252fe249bed24f8691b214e59f33d) Importer(815301076,1909f56bfc062723c751e8b465ee728b)
Start importing Assets/Sprites/Player Art/Player Leg 1.png using Guid(7b8252fe249bed24f8691b214e59f33d) Importer(815301076,1909f56bfc062723c751e8b465ee728b)  -> (artifact id: 'cc0c0feced0c1e1c47f9541566029c37') in 0.022534 seconds 
  Import took 0.025580 seconds .

========================================================================
Received Import Request.
  Time since last request: 0.000403 seconds.
  path: Assets/Sprites/Player Art/Player Arm 2.png
  artifactKey: Guid(b05bd5fb82053364cbed2df1e158814a) Importer(815301076,1909f56bfc062723c751e8b465ee728b)
Start importing Assets/Sprites/Player Art/Player Arm 2.png using Guid(b05bd5fb82053364cbed2df1e158814a) Importer(815301076,1909f56bfc062723c751e8b465ee728b)  -> (artifact id: 'f886cb7646f8ffd739615fa9f2aee4b5') in 0.017506 seconds 
  Import took 0.022299 seconds .

========================================================================
Received Import Request.
  Time since last request: 0.000396 seconds.
  path: Assets/Sprites/Player Art/Player Leg 2.png
  artifactKey: Guid(753a5b70c6f89f241b366adec8859645) Importer(815301076,1909f56bfc062723c751e8b465ee728b)
Start importing Assets/Sprites/Player Art/Player Leg 2.png using Guid(753a5b70c6f89f241b366adec8859645) Importer(815301076,1909f56bfc062723c751e8b465ee728b)  -> (artifact id: '4c3b168fe256b6395857dc79f9ddcec2') in 0.020002 seconds 
  Import took 0.023758 seconds .

========================================================================
Received Import Request.
  Time since last request: 0.000399 seconds.
  path: Assets/Sprites/Player Art/Player Body.png
  artifactKey: Guid(b776b13e11521d1429abc14ded0c31c2) Importer(815301076,1909f56bfc062723c751e8b465ee728b)
Start importing Assets/Sprites/Player Art/Player Body.png using Guid(b776b13e11521d1429abc14ded0c31c2) Importer(815301076,1909f56bfc062723c751e8b465ee728b)  -> (artifact id: '88d40e2468440b6fb18d70ba2a1b3a97') in 0.016774 seconds 
  Import took 0.022265 seconds .

========================================================================
Received Import Request.
  Time since last request: 0.000615 seconds.
  path: Assets/Sprites/Player Art/Player Head.png
  artifactKey: Guid(159f658bf3b5f6f42b6e6d278a081f6b) Importer(815301076,1909f56bfc062723c751e8b465ee728b)
Start importing Assets/Sprites/Player Art/Player Head.png using Guid(159f658bf3b5f6f42b6e6d278a081f6b) Importer(815301076,1909f56bfc062723c751e8b465ee728b)  -> (artifact id: 'cd56c6b51be53e818016931e7d97ca06') in 0.020810 seconds 
  Import took 0.024024 seconds .

========================================================================
Received Import Request.
  Time since last request: 6.238883 seconds.
  path: Assets/Sprites/Pallete
  artifactKey: Guid(b809006702fd5314391434aa2d5aa8a9) Importer(815301076,1909f56bfc062723c751e8b465ee728b)
Start importing Assets/Sprites/Pallete using Guid(b809006702fd5314391434aa2d5aa8a9) Importer(815301076,1909f56bfc062723c751e8b465ee728b)  -> (artifact id: '57296bd3eabf75c513fbd931d18c45b7') in 0.008796 seconds 
  Import took 0.013026 seconds .

========================================================================
Received Import Request.
  Time since last request: 1.076040 seconds.
  path: Assets/Sprites/Pallete/FCI Palette.aseprite
  artifactKey: Guid(a4d2334ed13ed2643b9695d7e6e0b729) Importer(815301076,1909f56bfc062723c751e8b465ee728b)
Start importing Assets/Sprites/Pallete/FCI Palette.aseprite using Guid(a4d2334ed13ed2643b9695d7e6e0b729) Importer(815301076,1909f56bfc062723c751e8b465ee728b)  -> (artifact id: '9fc1a7e2f42fc00d74e98ac1e66f0e0f') in 0.010811 seconds 
  Import took 0.014103 seconds .

========================================================================
Received Import Request.
  Time since last request: 3.744054 seconds.
  path: Assets/Sprites/Tokens
  artifactKey: Guid(e9e31ab5693922143b25de9d3cb40564) Importer(815301076,1909f56bfc062723c751e8b465ee728b)
Start importing Assets/Sprites/Tokens using Guid(e9e31ab5693922143b25de9d3cb40564) Importer(815301076,1909f56bfc062723c751e8b465ee728b)  -> (artifact id: 'be09c8b560d6d50021f11a2518407c36') in 0.009409 seconds 
  Import took 0.012987 seconds .

========================================================================
Received Import Request.
  Time since last request: 0.034314 seconds.
  path: Assets/Sprites/Tokens/Attack Token.png
  artifactKey: Guid(8f680b12b652bfe459068c4dc68db51c) Importer(815301076,1909f56bfc062723c751e8b465ee728b)
Start importing Assets/Sprites/Tokens/Attack Token.png using Guid(8f680b12b652bfe459068c4dc68db51c) Importer(815301076,1909f56bfc062723c751e8b465ee728b)  -> (artifact id: '297807baea85e98cad1b4462c55ec4bb') in 0.017949 seconds 
  Import took 0.021689 seconds .

========================================================================
Received Import Request.
  Time since last request: 0.000371 seconds.
  path: Assets/Sprites/Tokens/Defend Token.png
  artifactKey: Guid(c8ac5648b13123f40b6c7c8ce968cb9a) Importer(815301076,1909f56bfc062723c751e8b465ee728b)
Start importing Assets/Sprites/Tokens/Defend Token.png using Guid(c8ac5648b13123f40b6c7c8ce968cb9a) Importer(815301076,1909f56bfc062723c751e8b465ee728b)  -> (artifact id: 'dad64ffbf19d3c0a09741076f7b4ca3f') in 0.015752 seconds 
  Import took 0.018554 seconds .

========================================================================
Received Import Request.
  Time since last request: 0.000411 seconds.
  path: Assets/Sprites/Tokens/Token Box.png
  artifactKey: Guid(a8fa4a5b0ea961245a2120fc7c2cf555) Importer(815301076,1909f56bfc062723c751e8b465ee728b)
Start importing Assets/Sprites/Tokens/Token Box.png using Guid(a8fa4a5b0ea961245a2120fc7c2cf555) Importer(815301076,1909f56bfc062723c751e8b465ee728b)  -> (artifact id: '2587e4aa8389e23a1a9eab14cebb3e90') in 0.017990 seconds 
  Import took 0.021258 seconds .

========================================================================
Received Import Request.
  Time since last request: 0.000407 seconds.
  path: Assets/Sprites/Tokens/Heal Token.png
  artifactKey: Guid(4bdb6d0f2ae2b004bab998d1a7d74b61) Importer(815301076,1909f56bfc062723c751e8b465ee728b)
Start importing Assets/Sprites/Tokens/Heal Token.png using Guid(4bdb6d0f2ae2b004bab998d1a7d74b61) Importer(815301076,1909f56bfc062723c751e8b465ee728b)  -> (artifact id: '31b829666e7cbf3254e153598f5d3fe0') in 0.018678 seconds 
  Import took 0.023272 seconds .

========================================================================
Received Import Request.
  Time since last request: 0.741731 seconds.
  path: Assets/Sprites/Tokens/Attack Token.aseprite
  artifactKey: Guid(714b32a1ca5cd184ea67bccc379fa5d2) Importer(815301076,1909f56bfc062723c751e8b465ee728b)
Start importing Assets/Sprites/Tokens/Attack Token.aseprite using Guid(714b32a1ca5cd184ea67bccc379fa5d2) Importer(815301076,1909f56bfc062723c751e8b465ee728b)  -> (artifact id: 'b9a9a5bc35a8155293e40e6ddae5eb6d') in 0.003672 seconds 
  Import took 0.008718 seconds .

========================================================================
Received Import Request.
  Time since last request: 0.001849 seconds.
  path: Assets/Sprites/Tokens/Attack Token.aseprite
  artifactKey: Guid(714b32a1ca5cd184ea67bccc379fa5d2) Importer(815301076,1909f56bfc062723c751e8b465ee728b)
Start importing Assets/Sprites/Tokens/Attack Token.aseprite using Guid(714b32a1ca5cd184ea67bccc379fa5d2) Importer(815301076,1909f56bfc062723c751e8b465ee728b)  -> (artifact id: 'b9a9a5bc35a8155293e40e6ddae5eb6d') in 0.003946 seconds 
  Import took 0.007120 seconds .

========================================================================
Received Import Request.
  Time since last request: 42.642012 seconds.
  path: Assets/Sprites/Tokens/Attack Token.png
  artifactKey: Guid(8f680b12b652bfe459068c4dc68db51c) Importer(815301076,1909f56bfc062723c751e8b465ee728b)
Start importing Assets/Sprites/Tokens/Attack Token.png using Guid(8f680b12b652bfe459068c4dc68db51c) Importer(815301076,1909f56bfc062723c751e8b465ee728b)  -> (artifact id: 'bc1b435bb54256d5de536cf47e82262d') in 0.016730 seconds 
  Import took 0.020015 seconds .

========================================================================
Received Import Request.
  Time since last request: 0.000409 seconds.
  path: Assets/Sprites/Tokens/Defend Token.png
  artifactKey: Guid(c8ac5648b13123f40b6c7c8ce968cb9a) Importer(815301076,1909f56bfc062723c751e8b465ee728b)
Start importing Assets/Sprites/Tokens/Defend Token.png using Guid(c8ac5648b13123f40b6c7c8ce968cb9a) Importer(815301076,1909f56bfc062723c751e8b465ee728b)  -> (artifact id: 'cd644ff7cfe419e752eec56e949db6da') in 0.017538 seconds 
  Import took 0.021891 seconds .

========================================================================
Received Import Request.
  Time since last request: 0.000441 seconds.
  path: Assets/Sprites/Tokens/Token Box.png
  artifactKey: Guid(a8fa4a5b0ea961245a2120fc7c2cf555) Importer(815301076,1909f56bfc062723c751e8b465ee728b)
Start importing Assets/Sprites/Tokens/Token Box.png using Guid(a8fa4a5b0ea961245a2120fc7c2cf555) Importer(815301076,1909f56bfc062723c751e8b465ee728b)  -> (artifact id: '5a545ddd890c876810bd996e9b121f28') in 0.017073 seconds 
  Import took 0.020452 seconds .

========================================================================
Received Import Request.
  Time since last request: 0.000337 seconds.
  path: Assets/Sprites/Tokens/Heal Token.png
  artifactKey: Guid(4bdb6d0f2ae2b004bab998d1a7d74b61) Importer(815301076,1909f56bfc062723c751e8b465ee728b)
Start importing Assets/Sprites/Tokens/Heal Token.png using Guid(4bdb6d0f2ae2b004bab998d1a7d74b61) Importer(815301076,1909f56bfc062723c751e8b465ee728b)  -> (artifact id: '7128f46a4b16960b55b37e28289c75f4') in 0.020599 seconds 
  Import took 0.024136 seconds .

========================================================================
Received Import Request.
  Time since last request: 8.741602 seconds.
  path: Assets/Sprites/Tokens/Attack Token.png
  artifactKey: Guid(8f680b12b652bfe459068c4dc68db51c) Importer(815301076,1909f56bfc062723c751e8b465ee728b)
Start importing Assets/Sprites/Tokens/Attack Token.png using Guid(8f680b12b652bfe459068c4dc68db51c) Importer(815301076,1909f56bfc062723c751e8b465ee728b)  -> (artifact id: '7400122003fd1704c0e47b9aaa067150') in 0.011082 seconds 
  Import took 0.013928 seconds .

========================================================================
Received Import Request.
  Time since last request: 0.000366 seconds.
  path: Assets/Sprites/Tokens/Defend Token.png
  artifactKey: Guid(c8ac5648b13123f40b6c7c8ce968cb9a) Importer(815301076,1909f56bfc062723c751e8b465ee728b)
Start importing Assets/Sprites/Tokens/Defend Token.png using Guid(c8ac5648b13123f40b6c7c8ce968cb9a) Importer(815301076,1909f56bfc062723c751e8b465ee728b)  -> (artifact id: '962b3afa8aa5b8ae09c603d44ffcf0e1') in 0.027955 seconds 
  Import took 0.031810 seconds .

========================================================================
Received Import Request.
  Time since last request: 0.000423 seconds.
  path: Assets/Sprites/Tokens/Token Box.png
  artifactKey: Guid(a8fa4a5b0ea961245a2120fc7c2cf555) Importer(815301076,1909f56bfc062723c751e8b465ee728b)
Start importing Assets/Sprites/Tokens/Token Box.png using Guid(a8fa4a5b0ea961245a2120fc7c2cf555) Importer(815301076,1909f56bfc062723c751e8b465ee728b)  -> (artifact id: 'f8028ecf270374baf9f2b6bda6bb51ac') in 0.021063 seconds 
  Import took 0.023795 seconds .

========================================================================
Received Import Request.
  Time since last request: 0.000538 seconds.
  path: Assets/Sprites/Tokens/Heal Token.png
  artifactKey: Guid(4bdb6d0f2ae2b004bab998d1a7d74b61) Importer(815301076,1909f56bfc062723c751e8b465ee728b)
Start importing Assets/Sprites/Tokens/Heal Token.png using Guid(4bdb6d0f2ae2b004bab998d1a7d74b61) Importer(815301076,1909f56bfc062723c751e8b465ee728b)  -> (artifact id: '523ba3e24b945eb94881c02fc3d01532') in 0.016329 seconds 
  Import took 0.020536 seconds .

========================================================================
Received Import Request.
  Time since last request: 12.929815 seconds.
  path: Assets/Scenes/GameScene.unity
  artifactKey: Guid(34a168ca01082fa41a582f34a475e2aa) Importer(815301076,1909f56bfc062723c751e8b465ee728b)
Start importing Assets/Scenes/GameScene.unity using Guid(34a168ca01082fa41a582f34a475e2aa) Importer(815301076,1909f56bfc062723c751e8b465ee728b)  -> (artifact id: 'e9778c1a8cbe2791e344715ac5951885') in 0.013902 seconds 
  Import took 0.019003 seconds .

========================================================================
Received Import Request.
  Time since last request: 228.589022 seconds.
  path: Assets/Prefabs
  artifactKey: Guid(de958b76062fd1f479d1404de5f95d2c) Importer(815301076,1909f56bfc062723c751e8b465ee728b)
Start importing Assets/Prefabs using Guid(de958b76062fd1f479d1404de5f95d2c) Importer(815301076,1909f56bfc062723c751e8b465ee728b)  -> (artifact id: '05d07674517eec2087876f4817d25dc3') in 0.011809 seconds 
  Import took 0.015323 seconds .

========================================================================
Received Import Request.
  Time since last request: 5.177103 seconds.
  path: Assets/Prefabs/Token.prefab
  artifactKey: Guid(bd622d6c87c408743982f1d772da2edf) Importer(815301076,1909f56bfc062723c751e8b465ee728b)
Start importing Assets/Prefabs/Token.prefab using Guid(bd622d6c87c408743982f1d772da2edf) Importer(815301076,1909f56bfc062723c751e8b465ee728b)  -> (artifact id: '8dced64559d99b6ac437ee6846439eae') in 0.122133 seconds 
  Import took 0.125587 seconds .

========================================================================
Received Prepare
Registering precompiled user dll's ...
Registered in 0.005809 seconds.
Begin MonoManager ReloadAssembly
Native extension for WindowsStandalone target not found
Refreshing native plugins compatible for Editor in 0.33 ms, found 2 plugins.
Preloading 0 native plugins for Editor in 0.00 ms.
Mono: successfully reloaded assembly
- Completed reload, in  1.225 seconds
Domain Reload Profiling:
	ReloadAssembly (1226ms)
		BeginReloadAssembly (125ms)
			ExecutionOrderSort (0ms)
			DisableScriptedObjects (5ms)
			BackupInstance (0ms)
			ReleaseScriptingObjects (0ms)
			CreateAndSetChildDomain (38ms)
		EndReloadAssembly (1029ms)
			LoadAssemblies (94ms)
			RebuildTransferFunctionScriptingTraits (0ms)
			SetupTypeCache (343ms)
			ReleaseScriptCaches (1ms)
			RebuildScriptCaches (53ms)
			SetupLoadedEditorAssemblies (419ms)
				LogAssemblyErrors (0ms)
				InitializePlatformSupportModulesInManaged (6ms)
				SetLoadedEditorAssemblies (0ms)
				RefreshPlugins (0ms)
				BeforeProcessingInitializeOnLoad (88ms)
				ProcessInitializeOnLoadAttributes (310ms)
				ProcessInitializeOnLoadMethodAttributes (5ms)
				AfterProcessingInitializeOnLoad (9ms)
				EditorAssembliesLoaded (0ms)
			ExecutionOrderSort2 (0ms)
			AwakeInstancesAfterBackupRestoration (8ms)
Platform modules already initialized, skipping
Refreshing native plugins compatible for Editor in 0.33 ms, found 2 plugins.
Preloading 0 native plugins for Editor in 0.00 ms.
Unloading 1406 Unused Serialized files (Serialized files now loaded: 0)
System memory in use before: 69.2 MB.
System memory in use after: 69.3 MB.

Unloading 13 unused Assets to reduce memory usage. Loaded Objects now: 1876.
Total: 2.908100 ms (FindLiveObjects: 0.147700 ms CreateObjectMapping: 0.046400 ms MarkObjects: 2.696400 ms  DeleteObjects: 0.016600 ms)

AssetImportParameters requested are different than current active one (requested -> active):
  custom:framework-win-MediaFoundation: 216162199b28c13a410421893ffa2e32 -> 
  custom:video-decoder-ogg-theora: a1e56fd34408186e4bbccfd4996cb3dc -> 
  custom:container-muxer-webm: aa71ff27fc2769a1b78a27578f13a17b -> 
  custom:container-demuxer-webm: 4f35f7cbe854078d1ac9338744f61a02 -> 
  custom:container-demuxer-ogg: 62fdf1f143b41e24485cea50d1cbac27 -> 
  custom:video-encoder-webm-vp8: eb34c28f22e8b96e1ab97ce403110664 -> 
  custom:video-codec-MediaFoundation-h265: 746d11721c4dcdbdad8f713fa42b33f4 -> 
  custom:video-decoder-webm-vp8: 9c59270c3fd7afecdb556c50c9e8de78 -> 
  custom:audio-decoder-ogg-vorbis: bf7c407c2cedff20999df2af8eb42d56 -> 
  custom:audio-encoder-webm-vorbis: bf7c407c2cedff20999df2af8eb42d56 -> 
AssetImportWorkerClient::OnTransportError - code=2 error=End of file
