Using pre-set license
Built from '2020.3/staging' branch; Version is '2020.3.16f1 (049d6eca3c44) revision 302446'; Using compiler version '192528614'; Build Type 'Release'
OS: 'Windows 10 Home; OS build 19042.1348; Version 2009; 64bit' Language: 'en' Physical Memory: 16249 MB
BatchMode: 1, IsHumanControllingUs: 0, StartBugReporterOnCrash: 0, Is64bit: 1, IsPro: 0

 COMMAND LINE ARGUMENTS:
C:\Program Files\Unity Installations\2020.3.16f1\Editor\Unity.exe
-adb2
-batchMode
-noUpm
-name
AssetImportWorker0
-projectPath
C:/Users/19728/Unity Projects/ATCM4368-P03
-logFile
Logs/AssetImportWorker0.log
-srvPort
62279
Successfully changed project path to: C:/Users/19728/Unity Projects/ATCM4368-P03
C:/Users/19728/Unity Projects/ATCM4368-P03
Using Asset Import Pipeline V2.
Refreshing native plugins compatible for Editor in 39.99 ms, found 2 plugins.
Preloading 0 native plugins for Editor in 0.00 ms.
Initialize engine version: 2020.3.16f1 (049d6eca3c44)
[Subsystems] Discovering subsystems at path C:/Program Files/Unity Installations/2020.3.16f1/Editor/Data/Resources/UnitySubsystems
[Subsystems] Discovering subsystems at path C:/Users/19728/Unity Projects/ATCM4368-P03/Assets
GfxDevice: creating device client; threaded=0
Direct3D:
    Version:  Direct3D 11.0 [level 11.1]
    Renderer: NVIDIA GeForce GTX 1060 with Max-Q Design (ID=0x1c20)
    Vendor:   
    VRAM:     6052 MB
    Driver:   27.21.14.5206
Initialize mono
Mono path[0] = 'C:/Program Files/Unity Installations/2020.3.16f1/Editor/Data/Managed'
Mono path[1] = 'C:/Program Files/Unity Installations/2020.3.16f1/Editor/Data/MonoBleedingEdge/lib/mono/unityjit'
Mono config path = 'C:/Program Files/Unity Installations/2020.3.16f1/Editor/Data/MonoBleedingEdge/etc'
Using monoOptions --debugger-agent=transport=dt_socket,embedding=1,server=y,suspend=n,address=127.0.0.1:56900
Begin MonoManager ReloadAssembly
Registering precompiled unity dll's ...
Register platform support module: C:/Program Files/Unity Installations/2020.3.16f1/Editor/Data/PlaybackEngines/WindowsStandaloneSupport/UnityEditor.WindowsStandalone.Extensions.dll
Registered in 0.002532 seconds.
Native extension for WindowsStandalone target not found
Refreshing native plugins compatible for Editor in 34.84 ms, found 2 plugins.
Preloading 0 native plugins for Editor in 0.00 ms.
Mono: successfully reloaded assembly
- Completed reload, in  1.392 seconds
Domain Reload Profiling:
	ReloadAssembly (1392ms)
		BeginReloadAssembly (90ms)
			ExecutionOrderSort (0ms)
			DisableScriptedObjects (0ms)
			BackupInstance (0ms)
			ReleaseScriptingObjects (0ms)
			CreateAndSetChildDomain (2ms)
		EndReloadAssembly (482ms)
			LoadAssemblies (86ms)
			RebuildTransferFunctionScriptingTraits (0ms)
			SetupTypeCache (176ms)
			ReleaseScriptCaches (0ms)
			RebuildScriptCaches (42ms)
			SetupLoadedEditorAssemblies (178ms)
				LogAssemblyErrors (0ms)
				InitializePlatformSupportModulesInManaged (5ms)
				SetLoadedEditorAssemblies (0ms)
				RefreshPlugins (35ms)
				BeforeProcessingInitializeOnLoad (18ms)
				ProcessInitializeOnLoadAttributes (89ms)
				ProcessInitializeOnLoadMethodAttributes (32ms)
				AfterProcessingInitializeOnLoad (0ms)
				EditorAssembliesLoaded (0ms)
			ExecutionOrderSort2 (0ms)
			AwakeInstancesAfterBackupRestoration (0ms)
Platform modules already initialized, skipping
Registering precompiled user dll's ...
Registered in 0.005239 seconds.
Begin MonoManager ReloadAssembly
Native extension for WindowsStandalone target not found
Refreshing native plugins compatible for Editor in 0.36 ms, found 2 plugins.
Preloading 0 native plugins for Editor in 0.00 ms.
Mono: successfully reloaded assembly
- Completed reload, in  1.435 seconds
Domain Reload Profiling:
	ReloadAssembly (1437ms)
		BeginReloadAssembly (170ms)
			ExecutionOrderSort (0ms)
			DisableScriptedObjects (7ms)
			BackupInstance (0ms)
			ReleaseScriptingObjects (0ms)
			CreateAndSetChildDomain (21ms)
		EndReloadAssembly (1193ms)
			LoadAssemblies (99ms)
			RebuildTransferFunctionScriptingTraits (0ms)
			SetupTypeCache (328ms)
			ReleaseScriptCaches (1ms)
			RebuildScriptCaches (54ms)
			SetupLoadedEditorAssemblies (581ms)
				LogAssemblyErrors (0ms)
				InitializePlatformSupportModulesInManaged (6ms)
				SetLoadedEditorAssemblies (1ms)
				RefreshPlugins (0ms)
				BeforeProcessingInitializeOnLoad (124ms)
				ProcessInitializeOnLoadAttributes (433ms)
				ProcessInitializeOnLoadMethodAttributes (7ms)
				AfterProcessingInitializeOnLoad (10ms)
				EditorAssembliesLoaded (0ms)
			ExecutionOrderSort2 (0ms)
			AwakeInstancesAfterBackupRestoration (14ms)
Platform modules already initialized, skipping
========================================================================
Worker process is ready to serve import requests
Launched and connected shader compiler UnityShaderCompiler.exe after 0.12 seconds
Refreshing native plugins compatible for Editor in 0.51 ms, found 2 plugins.
Preloading 0 native plugins for Editor in 0.00 ms.
Unloading 1498 Unused Serialized files (Serialized files now loaded: 0)
System memory in use before: 69.4 MB.
System memory in use after: 69.5 MB.

Unloading 18 unused Assets to reduce memory usage. Loaded Objects now: 1932.
Total: 3.634900 ms (FindLiveObjects: 0.378800 ms CreateObjectMapping: 0.184500 ms MarkObjects: 2.989200 ms  DeleteObjects: 0.080400 ms)

AssetImportParameters requested are different than current active one (requested -> active):
  custom:framework-win-MediaFoundation: 216162199b28c13a410421893ffa2e32 -> 
  custom:video-decoder-ogg-theora: a1e56fd34408186e4bbccfd4996cb3dc -> 
  custom:container-muxer-webm: aa71ff27fc2769a1b78a27578f13a17b -> 
  custom:container-demuxer-webm: 4f35f7cbe854078d1ac9338744f61a02 -> 
  custom:container-demuxer-ogg: 62fdf1f143b41e24485cea50d1cbac27 -> 
  custom:video-encoder-webm-vp8: eb34c28f22e8b96e1ab97ce403110664 -> 
  custom:video-codec-MediaFoundation-h265: 746d11721c4dcdbdad8f713fa42b33f4 -> 
  custom:video-decoder-webm-vp8: 9c59270c3fd7afecdb556c50c9e8de78 -> 
  custom:audio-decoder-ogg-vorbis: bf7c407c2cedff20999df2af8eb42d56 -> 
  custom:audio-encoder-webm-vorbis: bf7c407c2cedff20999df2af8eb42d56 -> 
========================================================================
Received Import Request.
  path: Assets/Scripts/Foe/FoeActions.cs
  artifactKey: Guid(05031e6c72f52014893f4747243b9a95) Importer(815301076,1909f56bfc062723c751e8b465ee728b)
Start importing Assets/Scripts/Foe/FoeActions.cs using Guid(05031e6c72f52014893f4747243b9a95) Importer(815301076,1909f56bfc062723c751e8b465ee728b)  -> (artifact id: 'f57f6a96e1028efdfb5e5856dec67d7b') in 0.071668 seconds 
  Import took 0.075306 seconds .

========================================================================
Received Import Request.
  Time since last request: 175.349122 seconds.
  path: Assets/Scripts/Foe/FoeActions.cs
  artifactKey: Guid(05031e6c72f52014893f4747243b9a95) Importer(815301076,1909f56bfc062723c751e8b465ee728b)
Start importing Assets/Scripts/Foe/FoeActions.cs using Guid(05031e6c72f52014893f4747243b9a95) Importer(815301076,1909f56bfc062723c751e8b465ee728b)  -> (artifact id: '18895ea82dc1c790d73e82bf105f0288') in 0.007630 seconds 
  Import took 0.011202 seconds .

========================================================================
Received Import Request.
  Time since last request: 56.776099 seconds.
  path: Assets/Scripts/Foe/FoeActions.cs
  artifactKey: Guid(05031e6c72f52014893f4747243b9a95) Importer(815301076,1909f56bfc062723c751e8b465ee728b)
Start importing Assets/Scripts/Foe/FoeActions.cs using Guid(05031e6c72f52014893f4747243b9a95) Importer(815301076,1909f56bfc062723c751e8b465ee728b)  -> (artifact id: '5a2522b54835d5335fb442e2f4819ba6') in 0.006336 seconds 
  Import took 0.010433 seconds .

========================================================================
Received Import Request.
  Time since last request: 19.172314 seconds.
  path: Assets/Scripts/Foe/FoeActions.cs
  artifactKey: Guid(05031e6c72f52014893f4747243b9a95) Importer(815301076,1909f56bfc062723c751e8b465ee728b)
Start importing Assets/Scripts/Foe/FoeActions.cs using Guid(05031e6c72f52014893f4747243b9a95) Importer(815301076,1909f56bfc062723c751e8b465ee728b)  -> (artifact id: 'a3f187116c5a81ab03fdab83ef411aa9') in 0.007128 seconds 
  Import took 0.011126 seconds .

========================================================================
Received Import Request.
  Time since last request: 0.004915 seconds.
  path: Assets/Scripts/Foe/FoeActions.cs
  artifactKey: Guid(05031e6c72f52014893f4747243b9a95) Importer(815301076,1909f56bfc062723c751e8b465ee728b)
Start importing Assets/Scripts/Foe/FoeActions.cs using Guid(05031e6c72f52014893f4747243b9a95) Importer(815301076,1909f56bfc062723c751e8b465ee728b)  -> (artifact id: 'a3f187116c5a81ab03fdab83ef411aa9') in 0.005544 seconds 
  Import took 0.009689 seconds .

========================================================================
Received Import Request.
  Time since last request: 9.641822 seconds.
  path: Assets/Scripts/Foe/FoeActions.cs
  artifactKey: Guid(05031e6c72f52014893f4747243b9a95) Importer(815301076,1909f56bfc062723c751e8b465ee728b)
Start importing Assets/Scripts/Foe/FoeActions.cs using Guid(05031e6c72f52014893f4747243b9a95) Importer(815301076,1909f56bfc062723c751e8b465ee728b)  -> (artifact id: '1daba3b14617cf55c0775640850c4c00') in 0.008320 seconds 
  Import took 0.012549 seconds .

========================================================================
Received Import Request.
  Time since last request: 38.236443 seconds.
  path: Assets/Scripts/Foe/FoeActions.cs
  artifactKey: Guid(05031e6c72f52014893f4747243b9a95) Importer(815301076,1909f56bfc062723c751e8b465ee728b)
Start importing Assets/Scripts/Foe/FoeActions.cs using Guid(05031e6c72f52014893f4747243b9a95) Importer(815301076,1909f56bfc062723c751e8b465ee728b)  -> (artifact id: 'ebf9c37e07c8c88ee2159af905d1afc8') in 0.006300 seconds 
  Import took 0.010393 seconds .

========================================================================
Received Import Request.
  Time since last request: 6.024585 seconds.
  path: Assets/Scripts/Foe/FoeActions.cs
  artifactKey: Guid(05031e6c72f52014893f4747243b9a95) Importer(815301076,1909f56bfc062723c751e8b465ee728b)
Start importing Assets/Scripts/Foe/FoeActions.cs using Guid(05031e6c72f52014893f4747243b9a95) Importer(815301076,1909f56bfc062723c751e8b465ee728b)  -> (artifact id: 'f2778f687b551a04bf0833309640d5f1') in 0.009076 seconds 
  Import took 0.013490 seconds .

========================================================================
Received Import Request.
  Time since last request: 11.188423 seconds.
  path: Assets/Scripts/Foe/FoeActions.cs
  artifactKey: Guid(05031e6c72f52014893f4747243b9a95) Importer(815301076,1909f56bfc062723c751e8b465ee728b)
Start importing Assets/Scripts/Foe/FoeActions.cs using Guid(05031e6c72f52014893f4747243b9a95) Importer(815301076,1909f56bfc062723c751e8b465ee728b)  -> (artifact id: '746e4d130393e1ec904aa9389b276607') in 0.005635 seconds 
  Import took 0.010319 seconds .

========================================================================
Received Import Request.
  Time since last request: 23.144160 seconds.
  path: Assets/Scripts/Foe/FoeActions.cs
  artifactKey: Guid(05031e6c72f52014893f4747243b9a95) Importer(815301076,1909f56bfc062723c751e8b465ee728b)
Start importing Assets/Scripts/Foe/FoeActions.cs using Guid(05031e6c72f52014893f4747243b9a95) Importer(815301076,1909f56bfc062723c751e8b465ee728b)  -> (artifact id: '975082940f4c6715d3d607bc62ba09d4') in 0.006707 seconds 
  Import took 0.011880 seconds .

========================================================================
Received Import Request.
  Time since last request: 8.654512 seconds.
  path: Assets/Scripts/Foe/FoeActions.cs
  artifactKey: Guid(05031e6c72f52014893f4747243b9a95) Importer(815301076,1909f56bfc062723c751e8b465ee728b)
Start importing Assets/Scripts/Foe/FoeActions.cs using Guid(05031e6c72f52014893f4747243b9a95) Importer(815301076,1909f56bfc062723c751e8b465ee728b)  -> (artifact id: 'bda74c71e25779a7a0fa6bca1888dbba') in 0.005445 seconds 
  Import took 0.009997 seconds .

========================================================================
Received Import Request.
  Time since last request: 25.058142 seconds.
  path: Assets/Scripts/Foe/FoeActions.cs
  artifactKey: Guid(05031e6c72f52014893f4747243b9a95) Importer(815301076,1909f56bfc062723c751e8b465ee728b)
Start importing Assets/Scripts/Foe/FoeActions.cs using Guid(05031e6c72f52014893f4747243b9a95) Importer(815301076,1909f56bfc062723c751e8b465ee728b)  -> (artifact id: '0b2fb0a14476baa15d8a4d3e43e5ef60') in 0.005756 seconds 
  Import took 0.010286 seconds .

========================================================================
Received Prepare
Registering precompiled user dll's ...
Registered in 0.005652 seconds.
Begin MonoManager ReloadAssembly
Native extension for WindowsStandalone target not found
Refreshing native plugins compatible for Editor in 0.45 ms, found 2 plugins.
Preloading 0 native plugins for Editor in 0.00 ms.
Mono: successfully reloaded assembly
- Completed reload, in  1.333 seconds
Domain Reload Profiling:
	ReloadAssembly (1334ms)
		BeginReloadAssembly (161ms)
			ExecutionOrderSort (0ms)
			DisableScriptedObjects (6ms)
			BackupInstance (0ms)
			ReleaseScriptingObjects (0ms)
			CreateAndSetChildDomain (47ms)
		EndReloadAssembly (1080ms)
			LoadAssemblies (122ms)
			RebuildTransferFunctionScriptingTraits (0ms)
			SetupTypeCache (368ms)
			ReleaseScriptCaches (1ms)
			RebuildScriptCaches (44ms)
			SetupLoadedEditorAssemblies (453ms)
				LogAssemblyErrors (0ms)
				InitializePlatformSupportModulesInManaged (6ms)
				SetLoadedEditorAssemblies (0ms)
				RefreshPlugins (1ms)
				BeforeProcessingInitializeOnLoad (92ms)
				ProcessInitializeOnLoadAttributes (339ms)
				ProcessInitializeOnLoadMethodAttributes (7ms)
				AfterProcessingInitializeOnLoad (8ms)
				EditorAssembliesLoaded (0ms)
			ExecutionOrderSort2 (0ms)
			AwakeInstancesAfterBackupRestoration (8ms)
Platform modules already initialized, skipping
Refreshing native plugins compatible for Editor in 0.35 ms, found 2 plugins.
Preloading 0 native plugins for Editor in 0.00 ms.
Unloading 1479 Unused Serialized files (Serialized files now loaded: 0)
System memory in use before: 68.0 MB.
System memory in use after: 68.1 MB.

Unloading 13 unused Assets to reduce memory usage. Loaded Objects now: 1934.
Total: 3.496900 ms (FindLiveObjects: 0.200300 ms CreateObjectMapping: 0.058600 ms MarkObjects: 3.197300 ms  DeleteObjects: 0.039700 ms)

AssetImportParameters requested are different than current active one (requested -> active):
  custom:framework-win-MediaFoundation: 216162199b28c13a410421893ffa2e32 -> 
  custom:video-decoder-ogg-theora: a1e56fd34408186e4bbccfd4996cb3dc -> 
  custom:container-muxer-webm: aa71ff27fc2769a1b78a27578f13a17b -> 
  custom:container-demuxer-webm: 4f35f7cbe854078d1ac9338744f61a02 -> 
  custom:container-demuxer-ogg: 62fdf1f143b41e24485cea50d1cbac27 -> 
  custom:video-encoder-webm-vp8: eb34c28f22e8b96e1ab97ce403110664 -> 
  custom:video-codec-MediaFoundation-h265: 746d11721c4dcdbdad8f713fa42b33f4 -> 
  custom:video-decoder-webm-vp8: 9c59270c3fd7afecdb556c50c9e8de78 -> 
  custom:audio-decoder-ogg-vorbis: bf7c407c2cedff20999df2af8eb42d56 -> 
  custom:audio-encoder-webm-vorbis: bf7c407c2cedff20999df2af8eb42d56 -> 
